[2020-12-17 12:33:33,672] multiqc                                            [DEBUG  ]  No MultiQC config found: /gscratch/srlab/programs/anaconda3/lib/python3.7/site-packages/multiqc_config.yaml
[2020-12-17 12:33:33,676] multiqc                                            [DEBUG  ]  No MultiQC config found: /usr/lusers/lhs3/.multiqc_config.yaml
[2020-12-17 12:33:33,677] multiqc                                            [DEBUG  ]  No MultiQC config found: multiqc_config.yaml
[2020-12-17 12:33:33,677] multiqc                                            [DEBUG  ]  Command used: /gscratch/srlab/programs/anaconda3/bin/multiqc ../FastQC/
[2020-12-17 12:33:38,829] multiqc                                            [DEBUG  ]  Could not connect to multiqc.info for version check: <urlopen error timed out>
[2020-12-17 12:33:38,829] multiqc                                            [INFO   ]  This is MultiQC v1.8
[2020-12-17 12:33:38,829] multiqc                                            [DEBUG  ]  Command     : /gscratch/srlab/programs/anaconda3/bin/multiqc ../FastQC/
[2020-12-17 12:33:38,829] multiqc                                            [DEBUG  ]  Working dir : /gscratch/srlab/lhs3/outputs/20201216/trimmed
[2020-12-17 12:33:38,829] multiqc                                            [INFO   ]  Template    : default
[2020-12-17 12:33:38,830] multiqc                                            [DEBUG  ]  Running Python 3.7.3 (default, Mar 27 2019, 22:11:17)  [GCC 7.3.0]
[2020-12-17 12:33:38,830] multiqc                                            [INFO   ]  Searching   : /gscratch/srlab/lhs3/outputs/20201216/FastQC
[2020-12-17 12:33:38,831] multiqc                                            [DEBUG  ]  Analysing modules: custom_content, conpair, peddy, methylQA, phantompeakqualtools, qualimap, preseq, quast, qorts, rna_seqc, rsem, rseqc, busco, goleft_indexcov, disambiguate, supernova, deeptools, sargasso, verifybamid, mirtrace, happy, homer, macs2, theta2, snpeff, gatk, htseq, bcftools, featureCounts, fgbio, dedup, damageprofiler, biobambam2, mtnucratio, picard, prokka, samblaster, samtools, sexdeterrmine, bamtools, jellyfish, vcftools, longranger, stacks, bbmap, bismark, biscuit, hicexplorer, hicup, hicpro, salmon, kallisto, slamdunk, star, hisat2, tophat, bowtie2, bowtie1, kat, leehom, adapterRemoval, clipandmerge, cutadapt, flexbar, trimmomatic, skewer, sortmerna, biobloomtools, fastq_screen, afterqc, fastp, fastqc, minionqc, mosdepth, clusterflow, bcl2fastq, interop, flash, seqyclean
[2020-12-17 12:33:38,831] multiqc                                            [DEBUG  ]  Using temporary directory for creating report: /tmp/tmpcv9hqy1c
[2020-12-17 12:33:39,040] multiqc                                            [DEBUG  ]  Ignoring file as matched an ignore pattern: CH05-24_S11_L001_R1_001_val_1_fastqc.html
[2020-12-17 12:33:39,043] multiqc                                            [DEBUG  ]  Ignoring file as matched an ignore pattern: CH03-15_S6_L001_R2_001_val_2_fastqc.html
[2020-12-17 12:33:39,044] multiqc                                            [DEBUG  ]  Ignoring file as matched an ignore pattern: CH05-01_S8_L001_R1_001_val_1_fastqc.html
[2020-12-17 12:33:39,044] multiqc                                            [DEBUG  ]  Ignoring file as matched an ignore pattern: CH03-04_S5_L001_R1_001_val_1_fastqc.html
[2020-12-17 12:33:39,044] multiqc                                            [DEBUG  ]  Ignoring file as matched an ignore pattern: CH07-11_S13_L001_R2_001_val_2_fastqc.html
[2020-12-17 12:33:39,045] multiqc                                            [DEBUG  ]  Ignoring file as matched an ignore pattern: CH01-38_S4_L001_R2_001_val_2_fastqc.html
[2020-12-17 12:33:39,045] multiqc                                            [DEBUG  ]  Ignoring file as matched an ignore pattern: CH07-06_S12_L001_R2_001_val_2_fastqc.html
[2020-12-17 12:33:39,046] multiqc                                            [DEBUG  ]  Ignoring file as matched an ignore pattern: CH05-06_S9_L001_R1_001_val_1_fastqc.html
[2020-12-17 12:33:39,046] multiqc                                            [DEBUG  ]  Ignoring file as matched an ignore pattern: CH03-15_S6_L001_R1_001_val_1_fastqc.html
[2020-12-17 12:33:39,048] multiqc                                            [DEBUG  ]  Ignoring file as matched an ignore pattern: CH05-21_S10_L001_R2_001_val_2_fastqc.html
[2020-12-17 12:33:39,048] multiqc                                            [DEBUG  ]  Ignoring file as matched an ignore pattern: CH10-01_S18_L001_R1_001_val_1_fastqc.html
[2020-12-17 12:33:39,048] multiqc                                            [DEBUG  ]  Ignoring file as matched an ignore pattern: CH09-02_S15_L001_R2_001_val_2_fastqc.html
[2020-12-17 12:33:39,049] multiqc                                            [DEBUG  ]  Ignoring file as matched an ignore pattern: CH09-13_S16_L001_R1_001_val_1_fastqc.html
[2020-12-17 12:33:39,049] multiqc                                            [DEBUG  ]  Ignoring file as matched an ignore pattern: CH05-01_S8_L001_R2_001_val_2_fastqc.html
[2020-12-17 12:33:39,049] multiqc                                            [DEBUG  ]  Ignoring file as matched an ignore pattern: CH03-33_S7_L001_R2_001_val_2_fastqc.html
[2020-12-17 12:33:39,049] multiqc                                            [DEBUG  ]  Ignoring file as matched an ignore pattern: CH01-22_S3_L001_R1_001_val_1_fastqc.html
[2020-12-17 12:33:39,049] multiqc                                            [DEBUG  ]  Ignoring file as matched an ignore pattern: CH01-06_S1_L001_R2_001_val_2_fastqc.html
[2020-12-17 12:33:39,049] multiqc                                            [DEBUG  ]  Ignoring file as matched an ignore pattern: CH05-24_S11_L001_R2_001_val_2_fastqc.html
[2020-12-17 12:33:39,049] multiqc                                            [DEBUG  ]  Ignoring file as matched an ignore pattern: CH10-11_S20_L001_R2_001_val_2_fastqc.html
[2020-12-17 12:33:39,049] multiqc                                            [DEBUG  ]  Ignoring file as matched an ignore pattern: CH05-06_S9_L001_R2_001_val_2_fastqc.html
[2020-12-17 12:33:39,049] multiqc                                            [DEBUG  ]  Ignoring file as matched an ignore pattern: CH10-08_S19_L001_R2_001_val_2_fastqc.html
[2020-12-17 12:33:39,050] multiqc                                            [DEBUG  ]  Ignoring file as matched an ignore pattern: CH03-04_S5_L001_R2_001_val_2_fastqc.html
[2020-12-17 12:33:39,050] multiqc                                            [DEBUG  ]  Ignoring file as matched an ignore pattern: CH10-01_S18_L001_R2_001_val_2_fastqc.html
[2020-12-17 12:33:39,050] multiqc                                            [DEBUG  ]  Ignoring file as matched an ignore pattern: CH07-11_S13_L001_R1_001_val_1_fastqc.html
[2020-12-17 12:33:39,050] multiqc                                            [DEBUG  ]  Ignoring file as matched an ignore pattern: CH01-14_S2_L001_R2_001_val_2_fastqc.html
[2020-12-17 12:33:39,050] multiqc                                            [DEBUG  ]  Ignoring file as matched an ignore pattern: CH07-24_S14_L001_R1_001_val_1_fastqc.html
[2020-12-17 12:33:39,051] multiqc                                            [DEBUG  ]  Ignoring file as matched an ignore pattern: CH10-11_S20_L001_R1_001_val_1_fastqc.html
[2020-12-17 12:33:39,051] multiqc                                            [DEBUG  ]  Ignoring file as matched an ignore pattern: CH01-14_S2_L001_R1_001_val_1_fastqc.html
[2020-12-17 12:33:39,051] multiqc                                            [DEBUG  ]  Ignoring file as matched an ignore pattern: CH09-28_S17_L001_R2_001_val_2_fastqc.html
[2020-12-17 12:33:39,052] multiqc                                            [DEBUG  ]  Ignoring file as matched an ignore pattern: CH07-24_S14_L001_R2_001_val_2_fastqc.html
[2020-12-17 12:33:39,052] multiqc                                            [DEBUG  ]  Ignoring file as matched an ignore pattern: CH03-33_S7_L001_R1_001_val_1_fastqc.html
[2020-12-17 12:33:39,052] multiqc                                            [DEBUG  ]  Ignoring file as matched an ignore pattern: CH07-06_S12_L001_R1_001_val_1_fastqc.html
[2020-12-17 12:33:39,052] multiqc                                            [DEBUG  ]  Ignoring file as matched an ignore pattern: CH09-13_S16_L001_R2_001_val_2_fastqc.html
[2020-12-17 12:33:39,052] multiqc                                            [DEBUG  ]  Ignoring file as matched an ignore pattern: CH01-06_S1_L001_R1_001_val_1_fastqc.html
[2020-12-17 12:33:39,052] multiqc                                            [DEBUG  ]  Ignoring file as matched an ignore pattern: CH01-22_S3_L001_R2_001_val_2_fastqc.html
[2020-12-17 12:33:39,052] multiqc                                            [DEBUG  ]  Ignoring file as matched an ignore pattern: CH01-38_S4_L001_R1_001_val_1_fastqc.html
[2020-12-17 12:33:39,053] multiqc                                            [DEBUG  ]  Ignoring file as matched an ignore pattern: CH09-02_S15_L001_R1_001_val_1_fastqc.html
[2020-12-17 12:33:39,053] multiqc                                            [DEBUG  ]  Ignoring file as matched an ignore pattern: CH09-28_S17_L001_R1_001_val_1_fastqc.html
[2020-12-17 12:33:39,053] multiqc                                            [DEBUG  ]  Ignoring file as matched an ignore pattern: CH10-08_S19_L001_R1_001_val_1_fastqc.html
[2020-12-17 12:33:39,053] multiqc                                            [DEBUG  ]  Ignoring file as matched an ignore pattern: CH05-21_S10_L001_R1_001_val_1_fastqc.html
[2020-12-17 12:33:40,488] multiqc.plots.bargraph                             [DEBUG  ]  Using matplotlib version 2.2.4
[2020-12-17 12:33:40,492] multiqc.plots.linegraph                            [DEBUG  ]  Using matplotlib version 2.2.4
[2020-12-17 12:33:40,497] multiqc                                            [DEBUG  ]  No samples found: custom_content
[2020-12-17 12:33:40,507] multiqc                                            [DEBUG  ]  No samples found: conpair
[2020-12-17 12:33:40,518] multiqc                                            [DEBUG  ]  No samples found: peddy
[2020-12-17 12:33:40,544] multiqc                                            [DEBUG  ]  No samples found: methylQA
[2020-12-17 12:33:40,559] multiqc                                            [DEBUG  ]  No samples found: phantompeakqualtools
[2020-12-17 12:33:40,574] multiqc                                            [DEBUG  ]  No samples found: qualimap
[2020-12-17 12:33:40,582] multiqc                                            [DEBUG  ]  No samples found: preseq
[2020-12-17 12:33:40,589] multiqc                                            [DEBUG  ]  No samples found: quast
[2020-12-17 12:33:40,597] multiqc                                            [DEBUG  ]  No samples found: qorts
[2020-12-17 12:33:40,612] multiqc                                            [DEBUG  ]  No samples found: rna_seqc
[2020-12-17 12:33:40,622] multiqc                                            [DEBUG  ]  No samples found: rsem
[2020-12-17 12:33:40,641] multiqc                                            [DEBUG  ]  No samples found: rseqc
[2020-12-17 12:33:40,649] multiqc                                            [DEBUG  ]  No samples found: busco
[2020-12-17 12:33:40,656] multiqc                                            [DEBUG  ]  No samples found: goleft_indexcov
[2020-12-17 12:33:40,661] multiqc                                            [DEBUG  ]  No samples found: disambiguate
[2020-12-17 12:33:40,668] multiqc                                            [DEBUG  ]  No samples found: supernova
[2020-12-17 12:33:40,709] multiqc                                            [DEBUG  ]  No samples found: deeptools
[2020-12-17 12:33:40,723] multiqc                                            [DEBUG  ]  No samples found: sargasso
[2020-12-17 12:33:40,732] multiqc                                            [DEBUG  ]  No samples found: verifybamid
[2020-12-17 12:33:40,749] multiqc                                            [DEBUG  ]  No samples found: mirtrace
[2020-12-17 12:33:40,763] multiqc                                            [DEBUG  ]  No samples found: happy
[2020-12-17 12:33:40,775] multiqc                                            [DEBUG  ]  No samples found: homer
[2020-12-17 12:33:40,783] multiqc                                            [DEBUG  ]  No samples found: macs2
[2020-12-17 12:33:40,790] multiqc                                            [DEBUG  ]  No samples found: theta2
[2020-12-17 12:33:40,804] multiqc                                            [DEBUG  ]  No samples found: snpeff
[2020-12-17 12:33:40,830] multiqc                                            [DEBUG  ]  No samples found: gatk
[2020-12-17 12:33:40,844] multiqc                                            [DEBUG  ]  No samples found: htseq
[2020-12-17 12:33:40,855] multiqc                                            [DEBUG  ]  No samples found: bcftools
[2020-12-17 12:33:40,863] multiqc                                            [DEBUG  ]  No samples found: featureCounts
[2020-12-17 12:33:40,873] multiqc                                            [DEBUG  ]  No samples found: fgbio
[2020-12-17 12:33:40,879] multiqc                                            [DEBUG  ]  No samples found: dedup
[2020-12-17 12:33:40,887] multiqc                                            [DEBUG  ]  No samples found: damageprofiler
[2020-12-17 12:33:40,929] multiqc                                            [DEBUG  ]  No samples found: biobambam2
[2020-12-17 12:33:40,942] multiqc                                            [DEBUG  ]  No samples found: mtnucratio
[2020-12-17 12:33:40,946] multiqc                                            [DEBUG  ]  No samples found: picard
[2020-12-17 12:33:40,955] multiqc                                            [DEBUG  ]  No samples found: prokka
[2020-12-17 12:33:40,963] multiqc                                            [DEBUG  ]  No samples found: samblaster
[2020-12-17 12:33:41,001] multiqc                                            [DEBUG  ]  No samples found: samtools
[2020-12-17 12:33:41,013] multiqc                                            [DEBUG  ]  No samples found: sexdeterrmine
[2020-12-17 12:33:41,024] multiqc                                            [DEBUG  ]  No samples found: bamtools
[2020-12-17 12:33:41,031] multiqc                                            [DEBUG  ]  No samples found: jellyfish
[2020-12-17 12:33:41,045] multiqc                                            [DEBUG  ]  No samples found: vcftools
[2020-12-17 12:33:41,053] multiqc                                            [DEBUG  ]  No samples found: longranger
[2020-12-17 12:33:41,060] multiqc                                            [DEBUG  ]  No samples found: stacks
[2020-12-17 12:33:41,086] multiqc                                            [DEBUG  ]  No samples found: bbmap
[2020-12-17 12:33:41,100] multiqc                                            [DEBUG  ]  No samples found: bismark
[2020-12-17 12:33:41,121] multiqc                                            [DEBUG  ]  No samples found: biscuit
[2020-12-17 12:33:41,135] multiqc                                            [DEBUG  ]  No samples found: hicexplorer
[2020-12-17 12:33:41,145] multiqc                                            [DEBUG  ]  No samples found: hicup
[2020-12-17 12:33:41,154] multiqc                                            [DEBUG  ]  No samples found: hicpro
[2020-12-17 12:33:41,161] multiqc                                            [DEBUG  ]  No samples found: salmon
[2020-12-17 12:33:41,202] multiqc                                            [DEBUG  ]  No samples found: kallisto
[2020-12-17 12:33:41,218] multiqc                                            [DEBUG  ]  No samples found: slamdunk
[2020-12-17 12:33:41,260] multiqc                                            [DEBUG  ]  No samples found: star
[2020-12-17 12:33:41,275] multiqc                                            [DEBUG  ]  No samples found: hisat2
[2020-12-17 12:33:41,313] multiqc                                            [DEBUG  ]  No samples found: tophat
[2020-12-17 12:33:41,328] multiqc                                            [DEBUG  ]  No samples found: bowtie2
[2020-12-17 12:33:41,337] multiqc                                            [DEBUG  ]  No samples found: bowtie1
[2020-12-17 12:33:41,346] multiqc                                            [DEBUG  ]  No samples found: kat
[2020-12-17 12:33:41,352] multiqc                                            [DEBUG  ]  No samples found: leehom
[2020-12-17 12:33:41,360] multiqc                                            [DEBUG  ]  No samples found: adapterRemoval
[2020-12-17 12:33:41,367] multiqc                                            [DEBUG  ]  No samples found: clipandmerge
[2020-12-17 12:33:41,380] multiqc                                            [DEBUG  ]  No samples found: cutadapt
[2020-12-17 12:33:41,389] multiqc                                            [DEBUG  ]  No samples found: flexbar
[2020-12-17 12:33:41,396] multiqc                                            [DEBUG  ]  No samples found: trimmomatic
[2020-12-17 12:33:41,404] multiqc                                            [DEBUG  ]  No samples found: skewer
[2020-12-17 12:33:41,414] multiqc                                            [DEBUG  ]  No samples found: sortmerna
[2020-12-17 12:33:41,422] multiqc                                            [DEBUG  ]  No samples found: biobloomtools
[2020-12-17 12:33:41,429] multiqc                                            [DEBUG  ]  No samples found: fastq_screen
[2020-12-17 12:33:41,435] multiqc                                            [DEBUG  ]  No samples found: afterqc
[2020-12-17 12:33:41,441] multiqc                                            [DEBUG  ]  No samples found: fastp
[2020-12-17 12:33:41,742] multiqc.modules.fastqc.fastqc                      [INFO   ]  Found 40 reports
[2020-12-17 12:33:42,046] multiqc                                            [DEBUG  ]  No samples found: minionqc
[2020-12-17 12:33:42,055] multiqc                                            [DEBUG  ]  No samples found: mosdepth
[2020-12-17 12:33:42,063] multiqc                                            [DEBUG  ]  No samples found: clusterflow
[2020-12-17 12:33:42,070] multiqc                                            [DEBUG  ]  No samples found: bcl2fastq
[2020-12-17 12:33:42,076] multiqc                                            [DEBUG  ]  No samples found: interop
[2020-12-17 12:33:42,083] multiqc                                            [DEBUG  ]  No samples found: flash
[2020-12-17 12:33:42,088] multiqc                                            [DEBUG  ]  No samples found: seqyclean
[2020-12-17 12:33:42,120] multiqc                                            [INFO   ]  Compressing plot data
[2020-12-17 12:33:42,457] multiqc                                            [INFO   ]  Report      : multiqc_report.html
[2020-12-17 12:33:42,457] multiqc                                            [INFO   ]  Data        : multiqc_data
[2020-12-17 12:33:42,459] multiqc                                            [DEBUG  ]  Moving data file from '/tmp/tmpcv9hqy1c/multiqc_data/multiqc_qualimap_bamqc_genome_results.txt' to '/gscratch/srlab/lhs3/outputs/20201216/trimmed/multiqc_data'
[2020-12-17 12:33:42,461] multiqc                                            [DEBUG  ]  Moving data file from '/tmp/tmpcv9hqy1c/multiqc_data/multiqc_fastqc.txt' to '/gscratch/srlab/lhs3/outputs/20201216/trimmed/multiqc_data'
[2020-12-17 12:33:42,461] multiqc                                            [DEBUG  ]  Moving data file from '/tmp/tmpcv9hqy1c/multiqc_data/multiqc_general_stats.txt' to '/gscratch/srlab/lhs3/outputs/20201216/trimmed/multiqc_data'
[2020-12-17 12:33:42,462] multiqc                                            [DEBUG  ]  Moving data file from '/tmp/tmpcv9hqy1c/multiqc_data/multiqc_sources.txt' to '/gscratch/srlab/lhs3/outputs/20201216/trimmed/multiqc_data'
[2020-12-17 12:33:42,463] multiqc                                            [DEBUG  ]  Moving data file from '/tmp/tmpcv9hqy1c/multiqc_data/multiqc_data.json' to '/gscratch/srlab/lhs3/outputs/20201216/trimmed/multiqc_data'
[2020-12-17 12:33:43,544] multiqc                                            [INFO   ]  MultiQC complete
