[2020-05-20 10:00:12,143] multiqc                                            [DEBUG  ]  No MultiQC config found: /Users/lhs3/anaconda3/lib/python3.7/site-packages/multiqc_config.yaml
[2020-05-20 10:00:12,144] multiqc                                            [DEBUG  ]  No MultiQC config found: /Users/lhs3/.multiqc_config.yaml
[2020-05-20 10:00:12,144] multiqc                                            [DEBUG  ]  No MultiQC config found: multiqc_config.yaml
[2020-05-20 10:00:12,144] multiqc                                            [DEBUG  ]  Command used: /Users/lhs3/anaconda3/bin/multiqc /Users/lhs3/Documents/laura-Cmagister/qc-processing/trimgalore/ --filename /Users/lhs3/Documents/laura-Cmagister/qc-processing/trimgalore/multiqc_report_trimmed.html
[2020-05-20 10:00:13,051] multiqc                                            [WARNING]  MultiQC Version v1.8 now available!
[2020-05-20 10:00:13,051] multiqc                                            [INFO   ]  This is MultiQC v1.7
[2020-05-20 10:00:13,051] multiqc                                            [DEBUG  ]  Command     : /Users/lhs3/anaconda3/bin/multiqc /Users/lhs3/Documents/laura-Cmagister/qc-processing/trimgalore/ --filename /Users/lhs3/Documents/laura-Cmagister/qc-processing/trimgalore/multiqc_report_trimmed.html
[2020-05-20 10:00:13,051] multiqc                                            [DEBUG  ]  Working dir : /Users/lhs3/Documents/laura-Cmagister/programs/FastQC
[2020-05-20 10:00:13,051] multiqc                                            [INFO   ]  Template    : default
[2020-05-20 10:00:13,051] multiqc                                            [INFO   ]  Searching '/Users/lhs3/Documents/laura-Cmagister/qc-processing/trimgalore/'
[2020-05-20 10:00:13,052] multiqc                                            [DEBUG  ]  Analysing modules: custom_content, conpair, peddy, methylQA, phantompeakqualtools, qualimap, preseq, quast, qorts, rna_seqc, rsem, rseqc, busco, goleft_indexcov, disambiguate, supernova, deeptools, sargasso, verifybamid, mirtrace, happy, homer, macs2, theta2, snpeff, gatk, htseq, bcftools, featureCounts, dedup, damageprofiler, picard, prokka, samblaster, samtools, bamtools, jellyfish, vcftools, longranger, stacks, bbmap, bismark, biscuit, hicexplorer, hicup, hicpro, salmon, kallisto, slamdunk, star, hisat2, tophat, bowtie2, bowtie1, kat, leehom, adapterRemoval, clipandmerge, cutadapt, flexbar, trimmomatic, skewer, sortmerna, biobloomtools, fastq_screen, afterqc, fastp, fastqc, minionqc, clusterflow, bcl2fastq, interop, flash
[2020-05-20 10:00:13,052] multiqc                                            [DEBUG  ]  Using temporary directory for creating report: /var/folders/3r/974srlzs5b39p3l65lk9sgcc0000gv/T/tmp0zat60fc
[2020-05-20 10:00:13,648] multiqc                                            [DEBUG  ]  Ignoring file as matched an ignore pattern: Cmagister_WGBS_S11_L003_R1_001_val_1.fq
[2020-05-20 10:00:13,649] multiqc                                            [DEBUG  ]  Ignoring file as matched an ignore pattern: Cmagister_WGBS_S11_L003_R1_001_val_1_fastqc.html
[2020-05-20 10:00:13,681] multiqc                                            [DEBUG  ]  Ignoring file as matched an ignore pattern: Cmagister_WGBS_S11_L003_R2_001_val_2.fq
[2020-05-20 10:00:13,682] multiqc                                            [DEBUG  ]  Ignoring file as matched an ignore pattern: Cmagister_WGBS_S11_L003_R2_001_val_2_fastqc.html
[2020-05-20 10:00:14,964] multiqc                                            [DEBUG  ]  No samples found: custom_content
[2020-05-20 10:00:14,983] multiqc                                            [DEBUG  ]  No samples found: conpair
[2020-05-20 10:00:15,006] multiqc                                            [DEBUG  ]  No samples found: peddy
[2020-05-20 10:00:15,027] multiqc                                            [DEBUG  ]  No samples found: methylQA
[2020-05-20 10:00:15,035] multiqc                                            [DEBUG  ]  No samples found: phantompeakqualtools
[2020-05-20 10:00:15,048] multiqc                                            [DEBUG  ]  No samples found: qualimap
[2020-05-20 10:00:15,056] multiqc                                            [DEBUG  ]  No samples found: preseq
[2020-05-20 10:00:15,063] multiqc                                            [DEBUG  ]  No samples found: quast
[2020-05-20 10:00:15,069] multiqc                                            [DEBUG  ]  No samples found: qorts
[2020-05-20 10:00:15,077] multiqc                                            [DEBUG  ]  No samples found: rna_seqc
[2020-05-20 10:00:15,085] multiqc                                            [DEBUG  ]  No samples found: rsem
[2020-05-20 10:00:15,120] multiqc                                            [DEBUG  ]  No samples found: rseqc
[2020-05-20 10:00:15,127] multiqc                                            [DEBUG  ]  No samples found: busco
[2020-05-20 10:00:15,135] multiqc                                            [DEBUG  ]  No samples found: goleft_indexcov
[2020-05-20 10:00:15,143] multiqc                                            [DEBUG  ]  No samples found: disambiguate
[2020-05-20 10:00:15,150] multiqc                                            [DEBUG  ]  No samples found: supernova
[2020-05-20 10:00:15,167] multiqc                                            [DEBUG  ]  No samples found: deeptools
[2020-05-20 10:00:15,173] multiqc                                            [DEBUG  ]  No samples found: sargasso
[2020-05-20 10:00:15,179] multiqc                                            [DEBUG  ]  No samples found: verifybamid
[2020-05-20 10:00:15,187] multiqc                                            [DEBUG  ]  No samples found: mirtrace
[2020-05-20 10:00:15,193] multiqc                                            [DEBUG  ]  No samples found: happy
[2020-05-20 10:00:15,203] multiqc                                            [DEBUG  ]  No samples found: homer
[2020-05-20 10:00:15,210] multiqc                                            [DEBUG  ]  No samples found: macs2
[2020-05-20 10:00:15,217] multiqc                                            [DEBUG  ]  No samples found: theta2
[2020-05-20 10:00:15,224] multiqc                                            [DEBUG  ]  No samples found: snpeff
[2020-05-20 10:00:15,244] multiqc                                            [DEBUG  ]  No samples found: gatk
[2020-05-20 10:00:15,252] multiqc                                            [DEBUG  ]  No samples found: htseq
[2020-05-20 10:00:15,280] multiqc                                            [DEBUG  ]  No samples found: bcftools
[2020-05-20 10:00:15,287] multiqc                                            [DEBUG  ]  No samples found: featureCounts
[2020-05-20 10:00:15,294] multiqc                                            [DEBUG  ]  No samples found: dedup
[2020-05-20 10:00:15,301] multiqc                                            [DEBUG  ]  No samples found: damageprofiler
[2020-05-20 10:00:15,321] multiqc                                            [DEBUG  ]  No samples found: picard
[2020-05-20 10:00:15,328] multiqc                                            [DEBUG  ]  No samples found: prokka
[2020-05-20 10:00:15,335] multiqc                                            [DEBUG  ]  No samples found: samblaster
[2020-05-20 10:00:15,347] multiqc                                            [DEBUG  ]  No samples found: samtools
[2020-05-20 10:00:15,356] multiqc                                            [DEBUG  ]  No samples found: bamtools
[2020-05-20 10:00:15,362] multiqc                                            [DEBUG  ]  No samples found: jellyfish
[2020-05-20 10:00:15,373] multiqc                                            [DEBUG  ]  No samples found: vcftools
[2020-05-20 10:00:15,380] multiqc                                            [DEBUG  ]  No samples found: longranger
[2020-05-20 10:00:15,386] multiqc                                            [DEBUG  ]  No samples found: stacks
[2020-05-20 10:00:15,404] multiqc                                            [DEBUG  ]  No samples found: bbmap
[2020-05-20 10:00:15,411] multiqc                                            [DEBUG  ]  No samples found: bismark
[2020-05-20 10:00:15,417] multiqc                                            [DEBUG  ]  No samples found: biscuit
[2020-05-20 10:00:15,424] multiqc                                            [DEBUG  ]  No samples found: hicexplorer
[2020-05-20 10:00:15,430] multiqc                                            [DEBUG  ]  No samples found: hicup
[2020-05-20 10:00:15,437] multiqc                                            [DEBUG  ]  No samples found: hicpro
[2020-05-20 10:00:15,443] multiqc                                            [DEBUG  ]  No samples found: salmon
[2020-05-20 10:00:15,449] multiqc                                            [DEBUG  ]  No samples found: kallisto
[2020-05-20 10:00:15,456] multiqc                                            [DEBUG  ]  No samples found: slamdunk
[2020-05-20 10:00:15,462] multiqc                                            [DEBUG  ]  No samples found: star
[2020-05-20 10:00:15,469] multiqc                                            [DEBUG  ]  No samples found: hisat2
[2020-05-20 10:00:15,475] multiqc                                            [DEBUG  ]  No samples found: tophat
[2020-05-20 10:00:15,481] multiqc                                            [DEBUG  ]  No samples found: bowtie2
[2020-05-20 10:00:15,488] multiqc                                            [DEBUG  ]  No samples found: bowtie1
[2020-05-20 10:00:15,495] multiqc                                            [DEBUG  ]  No samples found: kat
[2020-05-20 10:00:15,501] multiqc                                            [DEBUG  ]  No samples found: leehom
[2020-05-20 10:00:15,507] multiqc                                            [DEBUG  ]  No samples found: adapterRemoval
[2020-05-20 10:00:15,514] multiqc                                            [DEBUG  ]  No samples found: clipandmerge
[2020-05-20 10:00:15,528] multiqc.modules.cutadapt.cutadapt                  [INFO   ]  Found 2 reports
[2020-05-20 10:00:15,545] multiqc                                            [DEBUG  ]  No samples found: flexbar
[2020-05-20 10:00:15,578] multiqc                                            [DEBUG  ]  No samples found: trimmomatic
[2020-05-20 10:00:15,586] multiqc                                            [DEBUG  ]  No samples found: skewer
[2020-05-20 10:00:15,594] multiqc                                            [DEBUG  ]  No samples found: sortmerna
[2020-05-20 10:00:15,600] multiqc                                            [DEBUG  ]  No samples found: biobloomtools
[2020-05-20 10:00:15,607] multiqc                                            [DEBUG  ]  No samples found: fastq_screen
[2020-05-20 10:00:15,613] multiqc                                            [DEBUG  ]  No samples found: afterqc
[2020-05-20 10:00:15,619] multiqc                                            [DEBUG  ]  No samples found: fastp
[2020-05-20 10:00:15,769] multiqc.modules.fastqc.fastqc                      [INFO   ]  Found 2 reports
[2020-05-20 10:00:15,901] multiqc                                            [DEBUG  ]  No samples found: minionqc
[2020-05-20 10:00:15,907] multiqc                                            [DEBUG  ]  No samples found: clusterflow
[2020-05-20 10:00:15,914] multiqc                                            [DEBUG  ]  No samples found: bcl2fastq
[2020-05-20 10:00:15,922] multiqc                                            [DEBUG  ]  No samples found: interop
[2020-05-20 10:00:15,928] multiqc                                            [DEBUG  ]  No samples found: flash
[2020-05-20 10:00:15,935] multiqc                                            [INFO   ]  Compressing plot data
[2020-05-20 10:00:16,059] multiqc                                            [INFO   ]  Report      : ../../qc-processing/trimgalore/multiqc_report_trimmed.html
[2020-05-20 10:00:16,059] multiqc                                            [INFO   ]  Data        : ../../qc-processing/trimgalore/multiqc_report_trimmed_data
[2020-05-20 10:00:16,059] multiqc                                            [DEBUG  ]  Moving data file from '/var/folders/3r/974srlzs5b39p3l65lk9sgcc0000gv/T/tmp0zat60fc/multiqc_data/multiqc_cutadapt.txt' to '/Users/lhs3/Documents/laura-Cmagister/qc-processing/trimgalore/multiqc_report_trimmed_data'
[2020-05-20 10:00:16,059] multiqc                                            [DEBUG  ]  Moving data file from '/var/folders/3r/974srlzs5b39p3l65lk9sgcc0000gv/T/tmp0zat60fc/multiqc_data/multiqc_data.json' to '/Users/lhs3/Documents/laura-Cmagister/qc-processing/trimgalore/multiqc_report_trimmed_data'
[2020-05-20 10:00:16,060] multiqc                                            [DEBUG  ]  Moving data file from '/var/folders/3r/974srlzs5b39p3l65lk9sgcc0000gv/T/tmp0zat60fc/multiqc_data/multiqc_fastqc.txt' to '/Users/lhs3/Documents/laura-Cmagister/qc-processing/trimgalore/multiqc_report_trimmed_data'
[2020-05-20 10:00:16,060] multiqc                                            [DEBUG  ]  Moving data file from '/var/folders/3r/974srlzs5b39p3l65lk9sgcc0000gv/T/tmp0zat60fc/multiqc_data/multiqc_general_stats.txt' to '/Users/lhs3/Documents/laura-Cmagister/qc-processing/trimgalore/multiqc_report_trimmed_data'
[2020-05-20 10:00:16,060] multiqc                                            [DEBUG  ]  Moving data file from '/var/folders/3r/974srlzs5b39p3l65lk9sgcc0000gv/T/tmp0zat60fc/multiqc_data/multiqc_sources.txt' to '/Users/lhs3/Documents/laura-Cmagister/qc-processing/trimgalore/multiqc_report_trimmed_data'
[2020-05-20 10:00:16,332] multiqc                                            [INFO   ]  MultiQC complete
